<?xml version="1.0" encoding="UTF-8"?>
<!-- Generated by org.testng.reporters.JUnitXMLReporter -->
<testsuite ignored="0" hostname="DESKTOP-GN99695" failures="0" tests="4" name="kiran" time="0.055" errors="0" timestamp="2022-02-22T21:37:53 IST">
  <testcase classname="Academy.HomePage" name="@BeforeMethod initialize" time="0.002">
    <failure type="java.lang.NullPointerException" message="Cannot invoke &amp;quot;String.equals(Object)&amp;quot; because &amp;quot;browserName&amp;quot; is null">
      <![CDATA[java.lang.NullPointerException: Cannot invoke "String.equals(Object)" because "browserName" is null
at resources1.base.initializeDriver(base.java:32)
at Academy.HomePage.initialize(HomePage.java:31)
at java.base/java.util.ArrayList.forEach(ArrayList.java:1511)
... Removed 31 stack frames]]>
    </failure>
  </testcase> <!-- @BeforeMethod initialize -->
  <testcase classname="Academy.HomePage" name="@AfterMethod teardown" time="-1.645546073362E9">
    <skipped/>
  </testcase> <!-- @AfterMethod teardown -->
  <testcase classname="Academy.HomePage" name="@BeforeMethod initialize" time="-1.645546073363E9">
    <skipped/>
  </testcase> <!-- @BeforeMethod initialize -->
  <testcase classname="Academy.HomePage" name="@AfterMethod teardown" time="-1.645546073366E9">
    <skipped/>
  </testcase> <!-- @AfterMethod teardown -->
  <testcase classname="Academy.validateTitle" name="@BeforeMethod initialize" time="0.0">
    <failure type="java.lang.NullPointerException" message="Cannot invoke &amp;quot;String.equals(Object)&amp;quot; because &amp;quot;browserName&amp;quot; is null">
      <![CDATA[java.lang.NullPointerException: Cannot invoke "String.equals(Object)" because "browserName" is null
at resources1.base.initializeDriver(base.java:32)
at Academy.validateTitle.initialize(validateTitle.java:29)
at java.base/java.util.ArrayList.forEach(ArrayList.java:1511)
... Removed 31 stack frames]]>
    </failure>
  </testcase> <!-- @BeforeMethod initialize -->
  <testcase classname="Academy.validateTitle" name="@AfterMethod teardown" time="-1.645546073374E9">
    <skipped/>
  </testcase> <!-- @AfterMethod teardown -->
  <testcase classname="Academy.validateNavigationBar" name="@BeforeMethod initialize" time="0.001">
    <failure type="java.lang.NullPointerException" message="Cannot invoke &amp;quot;String.equals(Object)&amp;quot; because &amp;quot;browserName&amp;quot; is null">
      <![CDATA[java.lang.NullPointerException: Cannot invoke "String.equals(Object)" because "browserName" is null
at resources1.base.initializeDriver(base.java:32)
at Academy.validateNavigationBar.initialize(validateNavigationBar.java:33)
at java.base/java.util.ArrayList.forEach(ArrayList.java:1511)
... Removed 31 stack frames]]>
    </failure>
  </testcase> <!-- @BeforeMethod initialize -->
  <testcase classname="Academy.validateNavigationBar" name="@AfterMethod teardown" time="-1.645546073378E9">
    <skipped/>
  </testcase> <!-- @AfterMethod teardown -->
  <testcase classname="Academy.HomePage" name="basePageNavigation" time="0.0">
    <skipped/>
  </testcase> <!-- basePageNavigation -->
  <testcase classname="Academy.HomePage" name="basePageNavigation" time="0.0">
    <skipped/>
  </testcase> <!-- basePageNavigation -->
  <testcase classname="Academy.validateTitle" name="validateAppTitle" time="0.0">
    <skipped/>
  </testcase> <!-- validateAppTitle -->
  <testcase classname="Academy.validateNavigationBar" name="validateAppNavBar" time="0.0">
    <skipped/>
  </testcase> <!-- validateAppNavBar -->
</testsuite> <!-- kiran -->
