<?xml version="1.0" encoding="UTF-8"?>
<!-- Generated by org.testng.reporters.JUnitXMLReporter -->
<testsuite hostname="DESKTOP-GN99695" ignored="0" name="kiran" tests="4" failures="1" timestamp="2022-02-22T23:03:25 IST" time="31.253" errors="0">
  <testcase name="basePageNavigation" time="6.233" classname="Academy.HomePage"/>
  <testcase name="basePageNavigation" time="5.908" classname="Academy.HomePage"/>
  <testcase name="validateAppTitle" time="0.026" classname="Academy.validateTitle">
    <failure type="java.lang.AssertionError" message="expected [FEATURED CO123URSES] but found [FEATURED COURSES]">
      <![CDATA[java.lang.AssertionError: expected [FEATURED CO123URSES] but found [FEATURED COURSES]
at Academy.validateTitle.validateAppTitle(validateTitle.java:44)
at java.util.ArrayList.forEach(ArrayList.java:1259)
... Removed 37 stack frames]]>
    </failure>
  </testcase> <!-- validateAppTitle -->
  <testcase name="validateAppNavBar" time="0.032" classname="Academy.validateNavigationBar"/>
</testsuite> <!-- kiran -->
